# JRE version: Java(TM) SE Runtime Environment (19.0.1+10) (build 19.0.1+10-21)
# Java VM: Java HotSpot(TM) 64-Bit Server VM (19.0.1+10-21, mixed mode, sharing, tiered, compressed oops, compressed class ptrs, g1 gc, windows-amd64)
GC Precious Log:
 CardTable entry size: 512
 Card Set container configuration: InlinePtr #cards 5 size 8 Array Of Cards #cards 12 size 40 Howl #buckets 4 coarsen threshold 1843 Howl Bitmap #cards 512 size 80 coarsen threshold 460 Card regions per heap region 1 cards per card region 2048
 CPUs: 4 total, 4 available
 Memory: 3836M
 Large Page Support: Disabled
 NUMA Support: Disabled
 Compressed Oops: Enabled (32-bit)
 Heap Region Size: 1M
 Heap Min Capacity: 8M
 Heap Initial Capacity: 60M
 Heap Max Capacity: 960M
 Pre-touch: Disabled
 Parallel Workers: 4
 Concurrent Workers: 1
 Concurrent Refinement Workers: 4
 Periodic GC: Disabled
Heap:
 garbage-first heap   total 101376K, used 75617K [0x00000000c4000000, 0x0000000100000000)
  region size 1024K, 29 young (29696K), 1 survivors (1024K)
 Metaspace       used 110427K, committed 111424K, reserved 1179648K
  class space    used 13672K, committed 14208K, reserved 1048576K
GC Heap History (20 events):
Event: 170957.466 GC heap after
{Heap after GC invocations=57 (full 3):
 garbage-first heap   total 101376K, used 47996K [0x00000000c4000000, 0x0000000100000000)
  region size 1024K, 1 young (1024K), 1 survivors (1024K)
 Metaspace       used 110189K, committed 111168K, reserved 1179648K
  class space    used 13672K, committed 14208K, reserved 1048576K
}
Event: 171476.373 GC heap before
{Heap before GC invocations=57 (full 3):
 garbage-first heap   total 101376K, used 85884K [0x00000000c4000000, 0x0000000100000000)
  region size 1024K, 38 young (38912K), 1 survivors (1024K)
 Metaspace       used 110196K, committed 111168K, reserved 1179648K
  class space    used 13672K, committed 14208K, reserved 1048576K
}
Event: 171476.495 GC heap after
{Heap after GC invocations=58 (full 3):
 garbage-first heap   total 101376K, used 48014K [0x00000000c4000000, 0x0000000100000000)
  region size 1024K, 1 young (1024K), 1 survivors (1024K)
 Metaspace       used 110196K, committed 111168K, reserved 1179648K
  class space    used 13672K, committed 14208K, reserved 1048576K
}
Event: 171959.116 GC heap before
{Heap before GC invocations=58 (full 3):
 garbage-first heap   total 101376K, used 85902K [0x00000000c4000000, 0x0000000100000000)
  region size 1024K, 38 young (38912K), 1 survivors (1024K)
 Metaspace       used 110205K, committed 111168K, reserved 1179648K
  class space    used 13672K, committed 14208K, reserved 1048576K
}
Event: 171959.190 GC heap after
{Heap after GC invocations=59 (full 3):
 garbage-first heap   total 101376K, used 48008K [0x00000000c4000000, 0x0000000100000000)
  region size 1024K, 1 young (1024K), 1 survivors (1024K)
 Metaspace       used 110205K, committed 111168K, reserved 1179648K
  class space    used 13672K, committed 14208K, reserved 1048576K
}
Event: 395935.611 GC heap before
{Heap before GC invocations=59 (full 3):
 garbage-first heap   total 101376K, used 85896K [0x00000000c4000000, 0x0000000100000000)
  region size 1024K, 38 young (38912K), 1 survivors (1024K)
 Metaspace       used 110251K, committed 111232K, reserved 1179648K
  class space    used 13672K, committed 14208K, reserved 1048576K
}
Event: 395935.719 GC heap after
{Heap after GC invocations=60 (full 3):
 garbage-first heap   total 101376K, used 48025K [0x00000000c4000000, 0x0000000100000000)
  region size 1024K, 1 young (1024K), 1 survivors (1024K)
 Metaspace       used 110251K, committed 111232K, reserved 1179648K
  class space    used 13672K, committed 14208K, reserved 1048576K
}
Event: 396457.356 GC heap before
{Heap before GC invocations=60 (full 3):
 garbage-first heap   total 101376K, used 85913K [0x00000000c4000000, 0x0000000100000000)
  region size 1024K, 38 young (38912K), 1 survivors (1024K)
 Metaspace       used 110260K, committed 111232K, reserved 1179648K
  class space    used 13672K, committed 14208K, reserved 1048576K
}
Event: 396457.453 GC heap after
{Heap after GC invocations=61 (full 3):
 garbage-first heap   total 101376K, used 48010K [0x00000000c4000000, 0x0000000100000000)
  region size 1024K, 1 young (1024K), 1 survivors (1024K)
 Metaspace       used 110260K, committed 111232K, reserved 1179648K
  class space    used 13672K, committed 14208K, reserved 1048576K
}
Event: 396962.390 GC heap before
{Heap before GC invocations=61 (full 3):
 garbage-first heap   total 101376K, used 85898K [0x00000000c4000000, 0x0000000100000000)
  region size 1024K, 38 young (38912K), 1 survivors (1024K)
 Metaspace       used 110265K, committed 111232K, reserved 1179648K
  class space    used 13672K, committed 14208K, reserved 1048576K
}
Event: 396962.450 GC heap after
{Heap after GC invocations=62 (full 3):
 garbage-first heap   total 101376K, used 48020K [0x00000000c4000000, 0x0000000100000000)
  region size 1024K, 1 young (1024K), 1 survivors (1024K)
 Metaspace       used 110265K, committed 111232K, reserved 1179648K
  class space    used 13672K, committed 14208K, reserved 1048576K
}
Event: 397428.381 GC heap before
{Heap before GC invocations=62 (full 3):
 garbage-first heap   total 101376K, used 85908K [0x00000000c4000000, 0x0000000100000000)
  region size 1024K, 38 young (38912K), 1 survivors (1024K)
 Metaspace       used 110293K, committed 111232K, reserved 1179648K
  class space    used 13672K, committed 14208K, reserved 1048576K
}
Event: 397428.472 GC heap after
{Heap after GC invocations=63 (full 3):
 garbage-first heap   total 101376K, used 48015K [0x00000000c4000000, 0x0000000100000000)
  region size 1024K, 1 young (1024K), 1 survivors (1024K)
 Metaspace       used 110293K, committed 111232K, reserved 1179648K
  class space    used 13672K, committed 14208K, reserved 1048576K
}
Event: 397912.607 GC heap before
{Heap before GC invocations=63 (full 3):
 garbage-first heap   total 101376K, used 85903K [0x00000000c4000000, 0x0000000100000000)
  region size 1024K, 38 young (38912K), 1 survivors (1024K)
 Metaspace       used 110296K, committed 111232K, reserved 1179648K
  class space    used 13672K, committed 14208K, reserved 1048576K
}
Event: 397913.111 GC heap after
{Heap after GC invocations=64 (full 3):
 garbage-first heap   total 101376K, used 48034K [0x00000000c4000000, 0x0000000100000000)
  region size 1024K, 1 young (1024K), 1 survivors (1024K)
 Metaspace       used 110296K, committed 111232K, reserved 1179648K
  class space    used 13672K, committed 14208K, reserved 1048576K
}
Event: 398409.808 GC heap before
{Heap before GC invocations=64 (full 3):
 garbage-first heap   total 101376K, used 85922K [0x00000000c4000000, 0x0000000100000000)
  region size 1024K, 38 young (38912K), 1 survivors (1024K)
 Metaspace       used 110309K, committed 111296K, reserved 1179648K
  class space    used 13672K, committed 14208K, reserved 1048576K
}
Event: 398409.937 GC heap after
{Heap after GC invocations=65 (full 3):
 garbage-first heap   total 101376K, used 48042K [0x00000000c4000000, 0x0000000100000000)
  region size 1024K, 1 young (1024K), 1 survivors (1024K)
 Metaspace       used 110309K, committed 111296K, reserved 1179648K
  class space    used 13672K, committed 14208K, reserved 1048576K
}
Event: 399749.265 GC heap before
{Heap before GC invocations=65 (full 3):
 garbage-first heap   total 101376K, used 86954K [0x00000000c4000000, 0x0000000100000000)
  region size 1024K, 39 young (39936K), 1 survivors (1024K)
 Metaspace       used 110330K, committed 111360K, reserved 1179648K
  class space    used 13672K, committed 14208K, reserved 1048576K
}
Event: 399749.338 GC heap after
{Heap after GC invocations=66 (full 3):
 garbage-first heap   total 101376K, used 47969K [0x00000000c4000000, 0x0000000100000000)
  region size 1024K, 1 young (1024K), 1 survivors (1024K)
 Metaspace       used 110330K, committed 111360K, reserved 1179648K
  class space    used 13672K, committed 14208K, reserved 1048576K
}
Event: 400136.903 GC heap before
{Heap before GC invocations=66 (full 3):
 garbage-first heap   total 101376K, used 75617K [0x00000000c4000000, 0x0000000100000000)
  region size 1024K, 29 young (29696K), 1 survivors (1024K)
 Metaspace       used 110427K, committed 111424K, reserved 1179648K
  class space    used 13672K, committed 14208K, reserved 1048576K
}

